<?xml version="1.0" encoding="UTF-8"?>
<testng-results ignored="0" total="4" passed="4" failed="0" skipped="0">
  <reporter-output>
  </reporter-output>
  <suite started-at="2023-07-14T18:28:53 EEST" name="UserSuite" finished-at="2023-07-14T18:29:01 EEST" duration-ms="8422">
    <groups>
    </groups>
    <test started-at="2023-07-14T18:28:53 EEST" name="D:/workspace/PetStoreAutomation/src/test/java/apiTest" finished-at="2023-07-14T18:29:01 EEST" duration-ms="8422">
      <class name="apiTest.UserTests">
        <test-method is-config="true" signature="setupData()[pri:0, instance:apiTest.UserTests@43195e57]" started-at="2023-07-14T18:28:53 EEST" name="setupData" finished-at="2023-07-14T18:28:54 EEST" duration-ms="1307" status="PASS">
          <reporter-output>
          </reporter-output>
        </test-method> <!-- setupData -->
        <test-method signature="testPostUser()[pri:1, instance:apiTest.UserTests@43195e57]" started-at="2023-07-14T18:28:54 EEST" name="testPostUser" finished-at="2023-07-14T18:28:58 EEST" duration-ms="3848" status="PASS">
          <reporter-output>
          </reporter-output>
        </test-method> <!-- testPostUser -->
        <test-method signature="testGetUserByName()[pri:2, instance:apiTest.UserTests@43195e57]" started-at="2023-07-14T18:28:58 EEST" name="testGetUserByName" finished-at="2023-07-14T18:28:59 EEST" duration-ms="727" status="PASS">
          <reporter-output>
          </reporter-output>
        </test-method> <!-- testGetUserByName -->
        <test-method signature="testUpdateUserByName()[pri:3, instance:apiTest.UserTests@43195e57]" started-at="2023-07-14T18:28:59 EEST" name="testUpdateUserByName" finished-at="2023-07-14T18:29:00 EEST" duration-ms="1457" status="PASS">
          <reporter-output>
          </reporter-output>
        </test-method> <!-- testUpdateUserByName -->
        <test-method signature="testDeleteUserByName()[pri:4, instance:apiTest.UserTests@43195e57]" started-at="2023-07-14T18:29:00 EEST" name="testDeleteUserByName" finished-at="2023-07-14T18:29:01 EEST" duration-ms="630" status="PASS">
          <reporter-output>
          </reporter-output>
        </test-method> <!-- testDeleteUserByName -->
      </class> <!-- apiTest.UserTests -->
    </test> <!-- D:/workspace/PetStoreAutomation/src/test/java/apiTest -->
  </suite> <!-- UserSuite -->
</testng-results>
