<?xml version="1.0" encoding="UTF-8"?>
<testng-results ignored="0" total="4" passed="4" failed="0" skipped="0">
  <reporter-output>
  </reporter-output>
  <suite started-at="2023-07-17T15:13:51 EEST" name="UserSuite" finished-at="2023-07-17T15:14:00 EEST" duration-ms="8995">
    <groups>
    </groups>
    <test started-at="2023-07-17T15:13:51 EEST" name="D:/workspace/PetStoreAutomation/src/test/java/apiTest" finished-at="2023-07-17T15:14:00 EEST" duration-ms="8995">
      <class name="apiTest.UserTests">
        <test-method is-config="true" signature="setupData()[pri:0, instance:apiTest.UserTests@43195e57]" started-at="2023-07-17T15:13:52 EEST" name="setupData" finished-at="2023-07-17T15:13:53 EEST" duration-ms="1571" status="PASS">
          <reporter-output>
          </reporter-output>
        </test-method> <!-- setupData -->
        <test-method signature="testPostUser()[pri:1, instance:apiTest.UserTests@43195e57]" started-at="2023-07-17T15:13:53 EEST" name="testPostUser" finished-at="2023-07-17T15:13:58 EEST" duration-ms="4209" status="PASS">
          <reporter-output>
          </reporter-output>
        </test-method> <!-- testPostUser -->
        <test-method signature="testGetUserByName()[pri:2, instance:apiTest.UserTests@43195e57]" started-at="2023-07-17T15:13:58 EEST" name="testGetUserByName" finished-at="2023-07-17T15:13:58 EEST" duration-ms="659" status="PASS">
          <reporter-output>
          </reporter-output>
        </test-method> <!-- testGetUserByName -->
        <test-method signature="testUpdateUserByName()[pri:3, instance:apiTest.UserTests@43195e57]" started-at="2023-07-17T15:13:58 EEST" name="testUpdateUserByName" finished-at="2023-07-17T15:14:00 EEST" duration-ms="1349" status="PASS">
          <reporter-output>
          </reporter-output>
        </test-method> <!-- testUpdateUserByName -->
        <test-method signature="testDeleteUserByName()[pri:4, instance:apiTest.UserTests@43195e57]" started-at="2023-07-17T15:14:00 EEST" name="testDeleteUserByName" finished-at="2023-07-17T15:14:00 EEST" duration-ms="595" status="PASS">
          <reporter-output>
          </reporter-output>
        </test-method> <!-- testDeleteUserByName -->
      </class> <!-- apiTest.UserTests -->
    </test> <!-- D:/workspace/PetStoreAutomation/src/test/java/apiTest -->
  </suite> <!-- UserSuite -->
</testng-results>
