<?xml version="1.0" encoding="UTF-8"?>
<testsuite xmlns:xsi="http://www.w3.org/2001/XMLSchema-instance" xsi:noNamespaceSchemaLocation="https://maven.apache.org/surefire/maven-surefire-plugin/xsd/surefire-test-report-3.0.xsd" version="3.0" name="TestSuite" time="10.923" tests="4" errors="0" skipped="0" failures="0">
  <properties>
[...]
</properties>
  <testcase name="testPostUser" classname="apiTest.UserTests" time="4.224">
    <system-out><![CDATA[ERROR StatusConsoleListener Unrecognized format specifier [t]
ERROR StatusConsoleListener Unrecognized conversion specifier [t] starting at position 31 in conversion pattern.
ERROR StatusConsoleListener Unrecognized format specifier [level]
ERROR StatusConsoleListener Unrecognized conversion specifier [level] starting at position 41 in conversion pattern.
ERROR StatusConsoleListener Unrecognized format specifier [logger]
ERROR StatusConsoleListener Unrecognized conversion specifier [logger] starting at position 53 in conversion pattern.
ERROR StatusConsoleListener Unrecognized format specifier [msg]
ERROR StatusConsoleListener Unrecognized conversion specifier [msg] starting at position 60 in conversion pattern.
ERROR StatusConsoleListener Unrecognized format specifier [n]
ERROR StatusConsoleListener Unrecognized conversion specifier [n] starting at position 62 in conversion pattern.
resssss - io.restassured.internal.RestAssuredResponseImpl@7845ee8a
HTTP/1.1 200 OK
Date: Mon, 17 Jul 2023 12:13:59 GMT
Content-Type: application/json
Transfer-Encoding: chunked
Connection: keep-alive
Access-Control-Allow-Origin: *
Access-Control-Allow-Methods: GET, POST, DELETE, PUT
Access-Control-Allow-Headers: Content-Type, api_key, Authorization
Server: Jetty(9.2.9.v20150224)

{
    "code": 200,
    "type": "unknown",
    "message": "1319483139"
}
]]></system-out>
    <system-err><![CDATA[SLF4J: Failed to load class "org.slf4j.impl.StaticLoggerBinder".
SLF4J: Defaulting to no-operation (NOP) logger implementation
SLF4J: See http://www.slf4j.org/codes.html#StaticLoggerBinder for further details.
]]></system-err>
  </testcase>
  <testcase name="testGetUserByName" classname="apiTest.UserTests" time="0.661">
    <system-out><![CDATA[HTTP/1.1 200 OK
Date: Mon, 17 Jul 2023 12:14:00 GMT
Content-Type: application/json
Transfer-Encoding: chunked
Connection: keep-alive
Access-Control-Allow-Origin: *
Access-Control-Allow-Methods: GET, POST, DELETE, PUT
Access-Control-Allow-Headers: Content-Type, api_key, Authorization
Server: Jetty(9.2.9.v20150224)

{
    "id": 1319483139,
    "username": "orlando.feest",
    "firstName": "Stanford",
    "lastName": "Raynor",
    "email": "wilbur.ryan@example.com",
    "password": "ab4bgaqo",
    "phone": "942.736.4747",
    "userStatus": 0
}
]]></system-out>
  </testcase>
  <testcase name="testUpdateUserByName" classname="apiTest.UserTests" time="1.346">
    <system-out><![CDATA[{
    "code": 200,
    "type": "unknown",
    "message": "1319483139"
}
]]></system-out>
  </testcase>
  <testcase name="testDeleteUserByName" classname="apiTest.UserTests" time="0.596"/>
</testsuite>